TN:
SF:srv/oms-service.js
FN:25,(anonymous_0)
FNF:1
FNH:1
FNDA:1,(anonymous_0)
DA:1,1
DA:22,1
DA:24,1
DA:26,1
DA:27,1
DA:28,1
DA:29,1
DA:31,1
DA:32,1
DA:33,1
DA:34,1
DA:35,1
DA:36,1
DA:37,1
DA:39,1
DA:40,1
DA:41,1
DA:42,1
DA:44,1
DA:45,1
DA:46,1
DA:47,1
DA:48,1
DA:50,1
LF:24
LH:24
BRF:0
BRH:0
end_of_record
TN:
SF:srv/server.js
FNF:0
FNH:0
LF:0
LH:0
BRF:0
BRH:0
end_of_record
TN:
SF:srv/helpers/cloudinary.js
FN:18,uploadImage
FN:36,deleteImage
FNF:2
FNH:0
FNDA:0,uploadImage
FNDA:0,deleteImage
DA:1,1
DA:3,1
DA:5,1
DA:19,0
DA:30,0
DA:37,0
DA:38,0
DA:41,1
LF:8
LH:4
BRDA:37,0,0,0
BRDA:37,0,1,0
BRF:2
BRH:0
end_of_record
TN:
SF:srv/helpers/index.js
FN:6,(anonymous_0)
FN:8,(anonymous_1)
FN:22,(anonymous_2)
FN:28,(anonymous_3)
FN:83,(anonymous_4)
FN:104,(anonymous_5)
FN:146,(anonymous_6)
FN:150,(anonymous_7)
FN:154,(anonymous_8)
FN:156,(anonymous_9)
FN:166,(anonymous_10)
FN:170,(anonymous_11)
FN:172,(anonymous_12)
FN:177,(anonymous_13)
FN:182,(anonymous_14)
FN:222,(anonymous_15)
FN:234,(anonymous_16)
FN:239,(anonymous_17)
FN:252,(anonymous_18)
FN:272,(anonymous_19)
FN:276,(anonymous_20)
FN:280,(anonymous_21)
FN:296,(anonymous_22)
FNF:23
FNH:23
FNDA:13,(anonymous_0)
FNDA:7,(anonymous_1)
FNDA:6,(anonymous_2)
FNDA:9,(anonymous_3)
FNDA:4,(anonymous_4)
FNDA:6,(anonymous_5)
FNDA:5,(anonymous_6)
FNDA:2,(anonymous_7)
FNDA:19,(anonymous_8)
FNDA:167,(anonymous_9)
FNDA:9,(anonymous_10)
FNDA:7,(anonymous_11)
FNDA:42,(anonymous_12)
FNDA:1,(anonymous_13)
FNDA:8,(anonymous_14)
FNDA:5,(anonymous_15)
FNDA:4,(anonymous_16)
FNDA:4,(anonymous_17)
FNDA:4,(anonymous_18)
FNDA:14,(anonymous_19)
FNDA:1,(anonymous_20)
FNDA:6,(anonymous_21)
FNDA:6,(anonymous_22)
DA:1,2
DA:2,2
DA:4,2
DA:6,2
DA:7,13
DA:8,13
DA:9,7
DA:22,2
DA:23,6
DA:24,6
DA:25,5
DA:28,2
DA:29,9
DA:30,9
DA:31,9
DA:32,9
DA:33,2
DA:35,7
DA:36,7
DA:37,7
DA:38,7
DA:43,7
DA:44,6
DA:45,7
DA:46,1
DA:47,6
DA:53,6
DA:54,2
DA:60,4
DA:61,1
DA:67,3
DA:72,3
DA:73,3
DA:74,3
DA:77,2
DA:80,2
DA:83,2
DA:84,4
DA:85,4
DA:86,4
DA:87,1
DA:89,3
DA:90,3
DA:92,3
DA:93,2
DA:94,1
DA:100,1
DA:101,1
DA:104,2
DA:105,6
DA:106,6
DA:107,6
DA:108,6
DA:109,2
DA:111,4
DA:113,4
DA:116,4
DA:118,4
DA:119,4
DA:126,3
DA:127,2
DA:133,1
DA:134,1
DA:135,1
DA:140,1
DA:143,1
DA:146,2
DA:147,5
DA:150,2
DA:151,2
DA:154,2
DA:155,19
DA:156,19
DA:158,167
DA:161,167
DA:166,2
DA:167,9
DA:168,9
DA:170,2
DA:171,7
DA:172,7
DA:173,42
DA:177,2
DA:178,1
DA:179,1
DA:182,2
DA:183,8
DA:184,8
DA:185,7
DA:187,7
DA:188,6
DA:190,5
DA:191,1
DA:196,4
DA:197,4
DA:201,4
DA:202,3
DA:203,1
DA:206,3
DA:211,3
DA:213,0
DA:219,0
DA:222,2
DA:223,5
DA:225,4
DA:226,4
DA:227,4
DA:229,4
DA:230,1
DA:234,2
DA:235,4
DA:236,4
DA:239,2
DA:240,4
DA:242,4
DA:243,4
DA:244,3
DA:245,2
DA:249,1
DA:252,2
DA:253,4
DA:254,1
DA:257,3
DA:258,3
DA:260,3
DA:261,2
DA:262,1
DA:268,1
DA:269,1
DA:272,2
DA:273,14
DA:276,2
DA:277,1
DA:280,2
DA:293,6
DA:296,2
DA:297,6
DA:298,6
DA:299,2
DA:302,2
DA:303,1
LF:141
LH:139
BRDA:7,0,0,12
BRDA:7,0,1,1
BRDA:10,1,0,2
BRDA:10,1,1,5
BRDA:12,2,0,2
BRDA:12,2,1,3
BRDA:14,3,0,1
BRDA:14,3,1,2
BRDA:16,4,0,1
BRDA:16,4,1,1
BRDA:24,5,0,1
BRDA:24,5,1,5
BRDA:32,6,0,2
BRDA:32,6,1,7
BRDA:32,7,0,9
BRDA:32,7,1,8
BRDA:43,8,0,1
BRDA:43,8,1,6
BRDA:45,9,0,1
BRDA:45,9,1,6
BRDA:45,10,0,7
BRDA:45,10,1,7
BRDA:53,11,0,2
BRDA:53,11,1,4
BRDA:53,12,0,6
BRDA:53,12,1,5
BRDA:56,13,0,2
BRDA:56,13,1,1
BRDA:60,14,0,1
BRDA:60,14,1,3
BRDA:86,15,0,1
BRDA:86,15,1,3
BRDA:92,16,0,1
BRDA:92,16,1,2
BRDA:93,17,0,1
BRDA:93,17,1,1
BRDA:108,18,0,2
BRDA:108,18,1,4
BRDA:108,19,0,6
BRDA:108,19,1,5
BRDA:119,20,0,1
BRDA:119,20,1,3
BRDA:126,21,0,2
BRDA:126,21,1,1
BRDA:147,22,0,1
BRDA:147,22,1,4
BRDA:151,23,0,1
BRDA:151,23,1,1
BRDA:155,24,0,18
BRDA:155,24,1,1
BRDA:158,25,0,2
BRDA:158,25,1,165
BRDA:158,26,0,11
BRDA:158,26,1,154
BRDA:162,27,0,5
BRDA:162,27,1,162
BRDA:162,28,0,1
BRDA:162,28,1,161
BRDA:171,29,0,7
BRDA:171,29,1,0
BRDA:173,30,0,41
BRDA:173,30,1,1
BRDA:184,31,0,1
BRDA:184,31,1,7
BRDA:187,32,0,1
BRDA:187,32,1,6
BRDA:188,33,0,1
BRDA:188,33,1,5
BRDA:190,34,0,1
BRDA:190,34,1,4
BRDA:201,35,0,1
BRDA:201,35,1,3
BRDA:202,36,0,1
BRDA:202,36,1,2
BRDA:206,37,0,3
BRDA:206,37,1,1
BRDA:223,38,0,1
BRDA:223,38,1,4
BRDA:229,39,0,1
BRDA:229,39,1,3
BRDA:243,40,0,1
BRDA:243,40,1,3
BRDA:244,41,0,2
BRDA:244,41,1,1
BRDA:253,42,0,1
BRDA:253,42,1,3
BRDA:260,43,0,1
BRDA:260,43,1,2
BRDA:261,44,0,1
BRDA:261,44,1,1
BRDA:298,45,0,2
BRDA:298,45,1,4
BRDA:302,46,0,1
BRDA:302,46,1,1
BRDA:302,47,0,2
BRDA:302,47,1,2
BRF:96
BRH:95
end_of_record
